<?xml version="1.0" encoding="UTF-8" ?>
<testsuites disabled="0" errors="0" failures="0" tests="3" time="4.405">
 <testsuite name="Eu usuário preciso conseguir efetuar o login no sistema." timestamp="2018-09-14T00:44:06" hostname="localhost" time="4.405" errors="0" tests="3" skipped="0" disabled="0" failures="0">
  <testcase classname="Eu usuário preciso conseguir efetuar o login no sistema." name="deve ter títulos corretos e texto do botão" time="1.365" />
  <testcase classname="Eu usuário preciso conseguir efetuar o login no sistema." name="deve exibir uma mensagem de erro para o usuário se eles fornecerem credenciais incorretas" time="1.474" />
  <testcase classname="Eu usuário preciso conseguir efetuar o login no sistema." name="deve redirecionar o usuário para a página do painel se eles fornecerem credenciais corretas" time="1.564" />
 </testsuite>
</testsuites>