<?xml version="1.0" encoding="UTF-8" ?>
<testsuites disabled="0" errors="0" failures="0" tests="4" time="6.495">
 <testsuite name="Eu usuário preciso conseguir efetuar o login no sistema." timestamp="2018-09-14T00:48:09" hostname="localhost" time="6.495" errors="0" tests="4" skipped="0" disabled="0" failures="0">
  <testcase classname="Eu usuário preciso conseguir efetuar o login no sistema." name="deve ter títulos corretos e texto do botão" time="1.555" />
  <testcase classname="Eu usuário preciso conseguir efetuar o login no sistema." name="deve exibir uma mensagem de erro para o usuário se eles fornecerem credenciais incorretas" time="1.664" />
  <testcase classname="Eu usuário preciso conseguir efetuar o login no sistema." name="deve exibir uma mensagem de erro para o usuário se eles fornecerem credenciais incorretas" time="1.651" />
  <testcase classname="Eu usuário preciso conseguir efetuar o login no sistema." name="deve redirecionar o usuário para a página do painel se eles fornecerem credenciais corretas" time="1.624" />
 </testsuite>
</testsuites>